[0m16:01:29.083788 [debug] [MainThread]: Sending event: {'category': 'dbt', 'action': 'invocation', 'label': 'start', 'context': [<snowplow_tracker.self_describing_json.SelfDescribingJson object at 0x00000170E251ECF0>, <snowplow_tracker.self_describing_json.SelfDescribingJson object at 0x00000170E251ECC0>, <snowplow_tracker.self_describing_json.SelfDescribingJson object at 0x00000170E02B2180>]}


============================== 16:01:29.088803 | 9dfa81c8-7acb-4b22-947a-e5e1eee03c31 ==============================
[0m16:01:29.088803 [info ] [MainThread]: Running with dbt=1.11.9
[0m16:01:29.090136 [debug] [MainThread]: running dbt with arguments {'static_parser': 'True', 'no_print': 'None', 'version_check': 'True', 'target_path': 'None', 'warn_error_options': 'WarnErrorOptionsV2(error=[], warn=[], silence=[])', 'printer_width': '80', 'write_json': 'True', 'introspect': 'True', 'log_cache_events': 'False', 'empty': 'None', 'cache_selected_only': 'False', 'log_format': 'default', 'debug': 'False', 'fail_fast': 'False', 'profiles_dir': 'C:\\Users\\Nusrath\\.dbt', 'send_anonymous_usage_stats': 'True', 'quiet': 'False', 'warn_error': 'None', 'partial_parse': 'True', 'invocation_command': 'dbt init', 'indirect_selection': 'eager', 'use_colors': 'True', 'use_experimental_parser': 'False', 'log_path': 'logs'}
[0m16:01:29.104610 [info ] [MainThread]: Creating dbt configuration folder at C:\Users\Nusrath\.dbt
[0m16:02:47.890218 [debug] [MainThread]: Starter project path: C:\Users\Nusrath\OneDrive\Desktop\Projects\Azure-DBT-Snowflake\venv\Lib\site-packages\dbt\include\starter_project
[0m16:02:47.917612 [info ] [MainThread]: 
Your new dbt project "azure_dbt_snowflake_project" was created!

For more information on how to configure the profiles.yml file,
please consult the dbt documentation here:

  https://docs.getdbt.com/docs/configure-your-profile

One more thing:

Need help? Don't hesitate to reach out to us via GitHub issues or on Slack:

  https://community.getdbt.com/

Happy modeling!

[0m16:02:47.917612 [info ] [MainThread]: Setting up your profile.
[0m16:02:58.911720 [debug] [MainThread]: Snowflake adapter: Setting snowflake.connector to ERROR (file logging only)
[0m16:02:58.912858 [debug] [MainThread]: Snowflake adapter: Setting botocore to ERROR (file logging only)
[0m16:02:58.912858 [debug] [MainThread]: Snowflake adapter: Setting boto3 to ERROR (file logging only)
[0m16:04:59.813570 [info ] [MainThread]: Profile azure_dbt_snowflake_project written to C:\Users\Nusrath\.dbt\profiles.yml using target's profile_template.yml and your supplied values. Run 'dbt debug' to validate the connection.
[0m16:04:59.815580 [debug] [MainThread]: Command `dbt init` succeeded at 16:04:59.815580 after 210.88 seconds
[0m16:04:59.815580 [debug] [MainThread]: Sending event: {'category': 'dbt', 'action': 'invocation', 'label': 'end', 'context': [<snowplow_tracker.self_describing_json.SelfDescribingJson object at 0x00000170E5562C30>, <snowplow_tracker.self_describing_json.SelfDescribingJson object at 0x00000170E53F54C0>, <snowplow_tracker.self_describing_json.SelfDescribingJson object at 0x00000170E2EEE0F0>]}
[0m16:04:59.817589 [debug] [MainThread]: Flushing usage events
[0m16:05:01.603668 [debug] [MainThread]: An error was encountered while trying to flush usage events
[0m14:22:24.519705 [debug] [MainThread]: Sending event: {'category': 'dbt', 'action': 'invocation', 'label': 'start', 'context': [<snowplow_tracker.self_describing_json.SelfDescribingJson object at 0x0000016203532690>, <snowplow_tracker.self_describing_json.SelfDescribingJson object at 0x000001620001D520>, <snowplow_tracker.self_describing_json.SelfDescribingJson object at 0x0000016204F942F0>]}


============================== 14:22:24.558176 | 5f0cf8bc-1880-471b-b3f8-0a2e43f5dcdf ==============================
[0m14:22:24.558176 [info ] [MainThread]: Running with dbt=1.11.9
[0m14:22:24.561866 [debug] [MainThread]: running dbt with arguments {'static_parser': 'True', 'no_print': 'None', 'version_check': 'True', 'warn_error_options': 'WarnErrorOptionsV2(error=[], warn=[], silence=[])', 'target_path': 'None', 'printer_width': '80', 'write_json': 'True', 'introspect': 'True', 'log_cache_events': 'False', 'empty': 'False', 'cache_selected_only': 'False', 'log_format': 'default', 'debug': 'False', 'fail_fast': 'False', 'profiles_dir': 'C:\\Users\\Nusrath\\.dbt', 'send_anonymous_usage_stats': 'True', 'quiet': 'False', 'warn_error': 'None', 'partial_parse': 'True', 'use_colors': 'True', 'indirect_selection': 'eager', 'invocation_command': 'dbt compile', 'use_experimental_parser': 'False', 'log_path': 'logs'}
[0m14:22:24.561866 [error] [MainThread]: Encountered an error:
Runtime Error
  No dbt_project.yml found at expected path C:\Users\Nusrath\OneDrive\Desktop\Projects\Azure-DBT-Snowflake\dbt_project.yml
  Verify that each entry within packages.yml (and their transitive dependencies) contains a file named dbt_project.yml
  
[0m14:22:24.563873 [debug] [MainThread]: Command `dbt compile` failed at 14:22:24.563873 after 0.24 seconds
[0m14:22:24.563873 [debug] [MainThread]: Sending event: {'category': 'dbt', 'action': 'invocation', 'label': 'end', 'context': [<snowplow_tracker.self_describing_json.SelfDescribingJson object at 0x0000016204F0D5E0>, <snowplow_tracker.self_describing_json.SelfDescribingJson object at 0x0000016204F62030>, <snowplow_tracker.self_describing_json.SelfDescribingJson object at 0x0000016204EF3770>]}
[0m14:22:24.565100 [debug] [MainThread]: Flushing usage events
[0m14:22:26.255430 [debug] [MainThread]: An error was encountered while trying to flush usage events
